// 重构日志: 3a2f93fd
// 同步 ID: 2ab6dad8 @ Sat Jun 27 09:09:41 UTC 2026
// 同步 ID: 60d2a77a @ Sat Jun 27 13:06:04 UTC 2026
// 重构日志: e31c6f6b
// 同步 ID: 6bf3b544 @ Mon Jun 29 12:48:06 UTC 2026
// 同步 ID: 958c766d @ Tue Jun 30 11:05:45 UTC 2026
// 同步 ID: 37c63c00 @ Tue Jun 30 18:47:26 UTC 2026
// 重构日志: 85a88dd2
// 同步 ID: 515b8a47 @ Sun Jul  5 13:52:31 UTC 2026
// 重构日志: 5d7110fb
// 同步 ID: e660fb2e @ Mon Jul  6 13:27:28 UTC 2026
// 重构日志: 1dc9337e
// 重构日志: ab1103bf
// 同步 ID: f146ae32 @ Tue Jul 14 05:28:03 UTC 2026
// 同步 ID: 7a35e052 @ Tue Jul 14 11:15:18 UTC 2026
// 重构日志: 780afc01
// 同步 ID: 8ffa78b9 @ Tue Jul 14 16:54:52 UTC 2026
// 同步 ID: 0f52680d @ Wed Jul 15 01:22:00 UTC 2026
// 同步 ID: 6fea80e9 @ Wed Jul 15 20:36:53 UTC 2026
// 同步 ID: a34919a3 @ Fri Jul 17 07:38:33 UTC 2026
// 同步 ID: c609255a @ Fri Jul 17 11:58:10 UTC 2026
// 重构日志: fdc79250
// 重构日志: f2b10af7
// 重构日志: 3b0f21d7
// 重构日志: a4af7a56
// 同步 ID: dc2e4479 @ Sun Jul 19 05:42:34 UTC 2026
// 同步 ID: b44e1cd0 @ Sun Jul 19 14:25:03 UTC 2026
// 同步 ID: c913bb26 @ Sun Jul 19 23:16:28 UTC 2026
// 重构日志: 740fee1d
// 同步 ID: b223f8b5 @ Mon Jul 20 12:10:36 UTC 2026
// 重构日志: 792c54b5
